2023-12-14 17:40:03,971:INFO:开始运行mutate
2023-12-14 17:45:04,652:INFO:15390
2023-12-14 17:47:36,831:INFO:文件/root/mfem/fem/coefficient.hpp变异完成,有效变异分支数量:1473
2023-12-14 17:51:33,861:INFO:13661
2023-12-14 17:53:52,053:INFO:文件/root/mfem/fem/doftrans.hpp变异完成,有效变异分支数量:95
2023-12-14 17:57:54,879:INFO:13917
2023-12-14 18:00:16,528:INFO:文件/root/mfem/fem/eltrans.hpp变异完成,有效变异分支数量:351
2023-12-14 18:01:17,585:INFO:3474
2023-12-14 18:01:17,676:INFO:文件/root/mfem/fem/fe/fe_base.hpp变异完成,有效变异分支数量:0
2023-12-14 18:06:54,418:INFO:18531
2023-12-14 18:10:15,951:INFO:文件/root/mfem/fem/fespace.hpp变异完成,有效变异分支数量:382
2023-12-14 18:18:17,215:INFO:25086
2023-12-14 18:23:17,892:INFO:文件/root/mfem/fem/gridfunc.hpp变异完成,有效变异分支数量:412
2023-12-14 18:23:52,520:INFO:1916
2023-12-14 18:24:04,921:INFO:文件/root/mfem/general/array.hpp变异完成,有效变异分支数量:1221
2023-12-14 18:24:05,599:INFO:8
2023-12-14 18:24:05,622:INFO:文件/root/mfem/general/globals.hpp变异完成,有效变异分支数量:5
2023-12-14 18:24:41,789:INFO:1978
2023-12-14 18:24:41,842:INFO:文件/root/mfem/general/mem_alloc.hpp变异完成,有效变异分支数量:0
2023-12-14 18:24:53,980:INFO:617
2023-12-14 18:24:53,998:INFO:文件/root/mfem/general/mem_manager.hpp变异完成,有效变异分支数量:0
2023-12-14 18:25:31,787:INFO:2100
2023-12-14 18:25:51,295:INFO:文件/root/mfem/general/table.hpp变异完成,有效变异分支数量:122
2023-12-14 18:26:52,958:INFO:3365
2023-12-14 18:27:26,568:INFO:文件/root/mfem/linalg/handle.hpp变异完成,有效变异分支数量:28
2023-12-14 18:28:06,048:INFO:2160
2023-12-14 18:28:25,654:INFO:文件/root/mfem/linalg/vector.hpp变异完成,有效变异分支数量:244
2023-12-14 18:29:45,659:INFO:4435
2023-12-14 18:30:29,560:INFO:文件/root/mfem/mesh/element.hpp变异完成,有效变异分支数量:3
2023-12-14 18:35:57,467:INFO:17626
2023-12-14 18:39:12,038:INFO:文件/root/mfem/mesh/mesh.hpp变异完成,有效变异分支数量:338
2023-12-14 18:40:34,515:INFO:4484
2023-12-14 18:41:19,681:INFO:文件/root/mfem/mesh/tetrahedron.hpp变异完成,有效变异分支数量:49
2023-12-14 18:41:21,454:INFO:78
2023-12-14 18:41:21,781:INFO:文件/root/mfem/mesh/vertex.hpp变异完成,有效变异分支数量:70
2023-12-14 18:41:43,993:INFO:559
2023-12-14 18:41:49,967:INFO:文件/root/mfem/tests/unit/catch.hpp变异完成,有效变异分支数量:556
2023-12-14 18:42:02,431:INFO:578
2023-12-14 18:42:02,449:INFO:文件/root/mfem/tests/unit/mesh/test_submesh.cpp变异完成,有效变异分支数量:0
2023-12-14 18:42:04,544:INFO:56
2023-12-14 18:42:04,549:INFO:文件/root/mfem/tests/unit/run_unit_tests.hpp变异完成,有效变异分支数量:0
2023-12-14 18:42:11,699:INFO:52
2023-12-14 18:42:11,703:INFO:文件/root/mfem/tests/unit/unit_test_main.cpp变异完成,有效变异分支数量:0
2023-12-14 18:42:11,704:INFO:变异完成,有效变异文件数量:22
2023-12-14 18:42:19,853:INFO:29
2023-12-14 18:42:19,942:INFO:文件/root/mfem/examples/1230.cpp变异完成,有效变异分支数量:26
2023-12-14 18:48:05,529:INFO:12824
2023-12-14 18:50:52,020:INFO:文件/root/mfem/fem/coefficient.hpp变异完成,有效变异分支数量:1309
2023-12-14 18:54:35,184:INFO:11515
2023-12-14 18:57:09,364:INFO:文件/root/mfem/fem/eltrans.hpp变异完成,有效变异分支数量:305
2023-12-14 19:02:09,202:INFO:15173
2023-12-14 19:05:37,755:INFO:文件/root/mfem/fem/fespace.hpp变异完成,有效变异分支数量:354
2023-12-14 19:12:52,225:INFO:21024
2023-12-14 19:18:05,994:INFO:文件/root/mfem/fem/gridfunc.hpp变异完成,有效变异分支数量:634
2023-12-14 19:25:45,300:INFO:22177
2023-12-14 19:31:22,399:INFO:文件/root/mfem/fem/pgridfunc.hpp变异完成,有效变异分支数量:219
2023-12-14 19:31:56,208:INFO:1730
2023-12-14 19:32:08,405:INFO:文件/root/mfem/general/array.hpp变异完成,有效变异分支数量:1166
2023-12-14 19:32:44,092:INFO:1792
2023-12-14 19:32:44,140:INFO:文件/root/mfem/general/mem_alloc.hpp变异完成,有效变异分支数量:0
2023-12-14 19:32:54,385:INFO:483
2023-12-14 19:32:54,400:INFO:文件/root/mfem/general/mem_manager.hpp变异完成,有效变异分支数量:0
2023-12-14 19:33:31,909:INFO:1942
2023-12-14 19:33:54,553:INFO:文件/root/mfem/linalg/vector.hpp变异完成,有效变异分支数量:212
2023-12-14 19:38:52,570:INFO:14712
2023-12-14 19:42:20,297:INFO:文件/root/mfem/mesh/mesh.hpp变异完成,有效变异分支数量:289
2023-12-14 19:42:20,297:INFO:变异完成,有效变异文件数量:12
2023-12-14 19:47:10,349:INFO:15305
2023-12-14 19:49:42,107:INFO:文件/root/mfem/fem/coefficient.hpp变异完成,有效变异分支数量:1473
2023-12-14 19:53:36,168:INFO:13576
2023-12-14 19:55:53,727:INFO:文件/root/mfem/fem/doftrans.hpp变异完成,有效变异分支数量:95
2023-12-14 19:59:53,563:INFO:13832
2023-12-14 20:02:12,843:INFO:文件/root/mfem/fem/eltrans.hpp变异完成,有效变异分支数量:351
2023-12-14 20:07:43,742:INFO:18389
2023-12-14 20:11:01,911:INFO:文件/root/mfem/fem/fespace.hpp变异完成,有效变异分支数量:382
2023-12-14 20:18:57,692:INFO:24943
2023-12-14 20:23:57,213:INFO:文件/root/mfem/fem/gridfunc.hpp变异完成,有效变异分支数量:412
2023-12-14 20:24:31,539:INFO:1911
2023-12-14 20:24:43,635:INFO:文件/root/mfem/general/array.hpp变异完成,有效变异分支数量:1214
2023-12-14 20:24:44,313:INFO:8
2023-12-14 20:24:44,337:INFO:文件/root/mfem/general/globals.hpp变异完成,有效变异分支数量:5
2023-12-14 20:25:20,081:INFO:1973
2023-12-14 20:25:20,134:INFO:文件/root/mfem/general/mem_alloc.hpp变异完成,有效变异分支数量:0
2023-12-14 20:25:32,068:INFO:619
2023-12-14 20:25:32,086:INFO:文件/root/mfem/general/mem_manager.hpp变异完成,有效变异分支数量:0
2023-12-14 20:26:10,100:INFO:2095
2023-12-14 20:26:29,619:INFO:文件/root/mfem/general/table.hpp变异完成,有效变异分支数量:122
2023-12-14 20:27:29,641:INFO:3342
2023-12-14 20:28:02,346:INFO:文件/root/mfem/linalg/handle.hpp变异完成,有效变异分支数量:28
2023-12-14 20:28:41,742:INFO:2155
2023-12-14 20:29:01,569:INFO:文件/root/mfem/linalg/vector.hpp变异完成,有效变异分支数量:244
2023-12-14 20:30:20,281:INFO:4424
2023-12-14 20:31:03,152:INFO:文件/root/mfem/mesh/element.hpp变异完成,有效变异分支数量:3
2023-12-14 20:36:28,213:INFO:17540
2023-12-14 20:39:43,482:INFO:文件/root/mfem/mesh/mesh.hpp变异完成,有效变异分支数量:337
2023-12-14 20:41:04,641:INFO:4473
2023-12-14 20:41:48,333:INFO:文件/root/mfem/mesh/tetrahedron.hpp变异完成,有效变异分支数量:49
2023-12-14 20:41:50,122:INFO:78
2023-12-14 20:41:50,445:INFO:文件/root/mfem/mesh/vertex.hpp变异完成,有效变异分支数量:70
2023-12-14 20:42:13,012:INFO:559
2023-12-14 20:42:18,989:INFO:文件/root/mfem/tests/unit/catch.hpp变异完成,有效变异分支数量:556
2023-12-14 20:42:31,350:INFO:578
2023-12-14 20:42:31,367:INFO:文件/root/mfem/tests/unit/mesh/test_submesh.cpp变异完成,有效变异分支数量:0
2023-12-14 20:42:33,446:INFO:56
2023-12-14 20:42:33,450:INFO:文件/root/mfem/tests/unit/run_unit_tests.hpp变异完成,有效变异分支数量:0
2023-12-14 20:42:40,599:INFO:52
2023-12-14 20:42:40,603:INFO:文件/root/mfem/tests/unit/unit_test_main.cpp变异完成,有效变异分支数量:0
2023-12-14 20:42:40,603:INFO:变异完成,有效变异文件数量:21
2023-12-14 20:44:56,014:INFO:1868
2023-12-14 20:45:09,010:INFO:文件/root/mfem/general/array.hpp变异完成,有效变异分支数量:1191
2023-12-14 20:45:20,904:INFO:604
2023-12-14 20:45:20,922:INFO:文件/root/mfem/general/mem_manager.hpp变异完成,有效变异分支数量:0
2023-12-14 20:46:00,246:INFO:2090
2023-12-14 20:46:23,642:INFO:文件/root/mfem/linalg/vector.hpp变异完成,有效变异分支数量:222
2023-12-14 20:46:45,958:INFO:571
2023-12-14 20:46:51,539:INFO:文件/root/mfem/tests/unit/catch.hpp变异完成,有效变异分支数量:568
2023-12-14 20:46:58,058:INFO:14
2023-12-14 20:46:58,062:INFO:文件/root/mfem/tests/unit/unit_test_main.cpp变异完成,有效变异分支数量:0
2023-12-14 20:46:58,062:INFO:变异完成,有效变异文件数量:6
2023-12-14 20:53:27,949:INFO:13863
2023-12-14 20:56:37,410:INFO:文件/root/mfem/fem/coefficient.hpp变异完成,有效变异分支数量:1309
2023-12-14 21:00:55,125:INFO:12322
2023-12-14 21:03:46,329:INFO:文件/root/mfem/fem/doftrans.hpp变异完成,有效变异分支数量:89
2023-12-14 21:08:10,807:INFO:12554
2023-12-14 21:11:09,484:INFO:文件/root/mfem/fem/eltrans.hpp变异完成,有效变异分支数量:321
2023-12-14 21:15:29,933:INFO:12233
2023-12-14 21:17:57,481:INFO:文件/root/mfem/fem/fe.hpp变异完成,有效变异分支数量:3112
2023-12-14 21:24:00,214:INFO:16706
2023-12-14 21:28:06,935:INFO:文件/root/mfem/fem/fespace.hpp变异完成,有效变异分支数量:376
2023-12-14 21:36:47,867:INFO:22895
2023-12-14 21:42:50,042:INFO:文件/root/mfem/fem/gridfunc.hpp变异完成,有效变异分支数量:647
2023-12-14 21:43:37,704:INFO:2245
2023-12-14 21:44:05,017:INFO:文件/root/mfem/fem/intrules.hpp变异完成,有效变异分支数量:359
2023-12-14 21:44:45,627:INFO:1886
2023-12-14 21:45:00,554:INFO:文件/root/mfem/general/array.hpp变异完成,有效变异分支数量:1191
2023-12-14 21:45:42,165:INFO:1948
2023-12-14 21:45:42,218:INFO:文件/root/mfem/general/mem_alloc.hpp变异完成,有效变异分支数量:0
2023-12-14 21:45:55,967:INFO:617
2023-12-14 21:45:55,996:INFO:文件/root/mfem/general/mem_manager.hpp变异完成,有效变异分支数量:0
2023-12-14 21:46:39,517:INFO:2070
2023-12-14 21:47:05,993:INFO:文件/root/mfem/general/table.hpp变异完成,有效变异分支数量:122
2023-12-14 21:48:15,858:INFO:3281
2023-12-14 21:49:00,607:INFO:文件/root/mfem/linalg/handle.hpp变异完成,有效变异分支数量:21
2023-12-14 21:49:45,362:INFO:2117
2023-12-14 21:50:11,443:INFO:文件/root/mfem/linalg/vector.hpp变异完成,有效变异分支数量:231
2023-12-14 21:51:42,741:INFO:4324
2023-12-14 21:52:42,533:INFO:文件/root/mfem/mesh/element.hpp变异完成,有效变异分支数量:3
2023-12-14 21:58:37,853:INFO:15972
2023-12-14 22:02:40,314:INFO:文件/root/mfem/mesh/mesh.hpp变异完成,有效变异分支数量:298
2023-12-14 22:04:14,971:INFO:4373
2023-12-14 22:05:15,030:INFO:文件/root/mfem/mesh/tetrahedron.hpp变异完成,有效变异分支数量:49
2023-12-14 22:05:39,165:INFO:571
2023-12-14 22:05:45,067:INFO:文件/root/mfem/tests/unit/catch.hpp变异完成,有效变异分支数量:568
2023-12-14 22:05:47,819:INFO:36
2023-12-14 22:05:47,823:INFO:文件/root/mfem/tests/unit/fem/test_project_bdr.cpp变异完成,有效变异分支数量:0
2023-12-14 22:05:49,867:INFO:48
2023-12-14 22:05:49,871:INFO:文件/root/mfem/tests/unit/run_unit_tests.hpp变异完成,有效变异分支数量:0
2023-12-14 22:05:57,030:INFO:46
2023-12-14 22:05:57,034:INFO:文件/root/mfem/tests/unit/unit_test_main.cpp变异完成,有效变异分支数量:0
2023-12-14 22:05:58,444:INFO:20
2023-12-14 22:05:58,448:INFO:文件/root/mfem/tests/unit/unit_tests.hpp变异完成,有效变异分支数量:0
2023-12-14 22:05:58,448:INFO:变异完成,有效变异文件数量:22
2023-12-14 22:06:03,612:INFO:3
2023-12-14 22:06:03,615:INFO:文件/root/mfem/examples/ex1.cpp变异完成,有效变异分支数量:0
2023-12-14 22:14:12,035:INFO:19877
2023-12-14 22:18:18,241:INFO:文件/root/mfem/fem/bilininteg.hpp变异完成,有效变异分支数量:4813
2023-12-14 22:22:24,821:INFO:12589
2023-12-14 22:25:07,926:INFO:文件/root/mfem/fem/coefficient.hpp变异完成,有效变异分支数量:1233
2023-12-14 22:28:50,310:INFO:11356
2023-12-14 22:31:21,299:INFO:文件/root/mfem/fem/eltrans.hpp变异完成,有效变异分支数量:305
2023-12-14 22:36:16,263:INFO:14937
2023-12-14 22:39:39,766:INFO:文件/root/mfem/fem/fespace.hpp变异完成,有效变异分支数量:353
2023-12-14 22:46:36,150:INFO:20525
2023-12-14 22:51:33,623:INFO:文件/root/mfem/fem/gridfunc.hpp变异完成,有效变异分支数量:634
2023-12-14 22:58:49,169:INFO:21226
2023-12-14 23:04:12,009:INFO:文件/root/mfem/fem/linearform.hpp变异完成,有效变异分支数量:15
2023-12-14 23:08:40,162:INFO:13275
2023-12-14 23:11:41,343:INFO:文件/root/mfem/fem/lininteg.hpp变异完成,有效变异分支数量:686
2023-12-14 23:16:46,071:INFO:15064
2023-12-14 23:20:18,101:INFO:文件/root/mfem/fem/nonlininteg.hpp变异完成,有效变异分支数量:127
2023-12-14 23:20:52,281:INFO:1730
2023-12-14 23:21:04,704:INFO:文件/root/mfem/general/array.hpp变异完成,有效变异分支数量:1166
2023-12-14 23:21:16,364:INFO:564
2023-12-14 23:21:22,834:INFO:文件/root/mfem/general/device.hpp变异完成,有效变异分支数量:81
2023-12-14 23:21:58,087:INFO:1792
2023-12-14 23:21:58,135:INFO:文件/root/mfem/general/mem_alloc.hpp变异完成,有效变异分支数量:0
2023-12-14 23:22:08,345:INFO:483
2023-12-14 23:22:08,369:INFO:文件/root/mfem/general/mem_manager.hpp变异完成,有效变异分支数量:0
2023-12-14 23:22:43,332:INFO:1757
2023-12-14 23:23:05,702:INFO:文件/root/mfem/general/optparser.hpp变异完成,有效变异分支数量:27
2023-12-14 23:23:07,523:INFO:62
2023-12-14 23:23:07,812:INFO:文件/root/mfem/general/socketstream.hpp变异完成,有效变异分支数量:53
2023-12-14 23:24:07,744:INFO:3011
2023-12-14 23:24:46,811:INFO:文件/root/mfem/linalg/handle.hpp变异完成,有效变异分支数量:21
2023-12-14 23:25:31,007:INFO:2226
2023-12-14 23:25:59,825:INFO:文件/root/mfem/linalg/matrix.hpp变异完成,有效变异分支数量:62
2023-12-14 23:26:42,606:INFO:2164
2023-12-14 23:27:08,997:INFO:文件/root/mfem/linalg/operator.hpp变异完成,有效变异分支数量:222
2023-12-14 23:28:04,250:INFO:2813
2023-12-14 23:28:40,091:INFO:文件/root/mfem/linalg/sparsesmoothers.hpp变异完成,有效变异分支数量:75
2023-12-14 23:29:18,883:INFO:1942
2023-12-14 23:29:42,456:INFO:文件/root/mfem/linalg/vector.hpp变异完成,有效变异分支数量:212
2023-12-14 23:34:40,594:INFO:14477
2023-12-14 23:38:06,867:INFO:文件/root/mfem/mesh/mesh.hpp变异完成,有效变异分支数量:289
2023-12-14 23:38:06,867:INFO:变异完成,有效变异文件数量:22
2023-12-14 23:38:58,932:INFO:614
2023-12-14 23:38:58,951:INFO:文件/root/mfem/general/mem_manager.hpp变异完成,有效变异分支数量:0
2023-12-14 23:39:38,830:INFO:571
2023-12-14 23:39:44,442:INFO:文件/root/mfem/tests/unit/catch.hpp变异完成,有效变异分支数量:568
2023-12-14 23:39:47,481:INFO:86
2023-12-14 23:39:47,486:INFO:文件/root/mfem/tests/unit/fem/test_pa_kernels.cpp变异完成,有效变异分支数量:0
2023-12-14 23:39:49,421:INFO:48
2023-12-14 23:39:49,425:INFO:文件/root/mfem/tests/unit/run_unit_tests.hpp变异完成,有效变异分支数量:0
2023-12-14 23:39:56,508:INFO:46
2023-12-14 23:39:56,513:INFO:文件/root/mfem/tests/unit/unit_test_main.cpp变异完成,有效变异分支数量:0
2023-12-14 23:39:56,513:INFO:变异完成,有效变异文件数量:6
2023-12-14 23:39:59,360:INFO:3
2023-12-14 23:39:59,363:INFO:文件/root/mfem/mfem/examples/3328.cpp变异完成,有效变异分支数量:0
2023-12-14 23:39:59,451:INFO:3
2023-12-14 23:39:59,454:INFO:文件/root/mfem/mfem/fem/datacollection.hpp变异完成,有效变异分支数量:0
2023-12-14 23:39:59,541:INFO:3
2023-12-14 23:39:59,544:INFO:文件/root/mfem/mfem/fem/doftrans.hpp变异完成,有效变异分支数量:0
2023-12-14 23:39:59,632:INFO:3
2023-12-14 23:39:59,636:INFO:文件/root/mfem/mfem/fem/eltrans.hpp变异完成,有效变异分支数量:0
2023-12-14 23:39:59,726:INFO:3
2023-12-14 23:39:59,729:INFO:文件/root/mfem/mfem/fem/fespace.hpp变异完成,有效变异分支数量:0
2023-12-14 23:39:59,816:INFO:3
2023-12-14 23:39:59,819:INFO:文件/root/mfem/mfem/fem/gridfunc.hpp变异完成,有效变异分支数量:0
2023-12-14 23:39:59,907:INFO:3
2023-12-14 23:39:59,911:INFO:文件/root/mfem/mfem/general/array.hpp变异完成,有效变异分支数量:0
2023-12-14 23:40:00,001:INFO:3
2023-12-14 23:40:00,004:INFO:文件/root/mfem/mfem/general/mem_alloc.hpp变异完成,有效变异分支数量:0
2023-12-14 23:40:00,070:INFO:3
2023-12-14 23:40:00,073:INFO:文件/root/mfem/mfem/general/mem_manager.hpp变异完成,有效变异分支数量:0
2023-12-14 23:40:00,115:INFO:3
2023-12-14 23:40:00,118:INFO:文件/root/mfem/mfem/general/table.hpp变异完成,有效变异分支数量:0
2023-12-14 23:40:00,159:INFO:3
2023-12-14 23:40:00,162:INFO:文件/root/mfem/mfem/linalg/handle.hpp变异完成,有效变异分支数量:0
2023-12-14 23:40:00,204:INFO:3
2023-12-14 23:40:00,207:INFO:文件/root/mfem/mfem/linalg/vector.hpp变异完成,有效变异分支数量:0
2023-12-14 23:40:00,248:INFO:3
2023-12-14 23:40:00,251:INFO:文件/root/mfem/mfem/mesh/mesh.hpp变异完成,有效变异分支数量:0
2023-12-14 23:40:00,251:INFO:变异完成,有效变异文件数量:14
2023-12-14 23:40:01,718:INFO:3
2023-12-14 23:40:01,721:INFO:文件/root/mfem/mfem/examples/ex19.cpp变异完成,有效变异分支数量:0
2023-12-14 23:40:01,898:INFO:3
2023-12-14 23:40:01,902:INFO:文件/root/mfem/mfem/fem/bilinearform.hpp变异完成,有效变异分支数量:0
2023-12-14 23:40:02,081:INFO:3
2023-12-14 23:40:02,084:INFO:文件/root/mfem/mfem/fem/bilininteg.hpp变异完成,有效变异分支数量:0
2023-12-14 23:40:02,225:INFO:3
2023-12-14 23:40:02,228:INFO:文件/root/mfem/mfem/fem/coefficient.hpp变异完成,有效变异分支数量:0
2023-12-14 23:40:02,365:INFO:3
2023-12-14 23:40:02,369:INFO:文件/root/mfem/mfem/fem/fespace.hpp变异完成,有效变异分支数量:0
2023-12-14 23:40:02,509:INFO:3
2023-12-14 23:40:02,512:INFO:文件/root/mfem/mfem/fem/gridfunc.hpp变异完成,有效变异分支数量:0
2023-12-14 23:40:02,652:INFO:3
2023-12-14 23:40:02,655:INFO:文件/root/mfem/mfem/fem/nonlinearform.hpp变异完成,有效变异分支数量:0
2023-12-14 23:40:02,793:INFO:3
2023-12-14 23:40:02,796:INFO:文件/root/mfem/mfem/fem/nonlininteg.hpp变异完成,有效变异分支数量:0
2023-12-14 23:40:02,935:INFO:3
2023-12-14 23:40:02,938:INFO:文件/root/mfem/mfem/general/array.hpp变异完成,有效变异分支数量:0
2023-12-14 23:40:03,076:INFO:3
2023-12-14 23:40:03,079:INFO:文件/root/mfem/mfem/general/mem_manager.hpp变异完成,有效变异分支数量:0
2023-12-14 23:40:03,218:INFO:3
2023-12-14 23:40:03,221:INFO:文件/root/mfem/mfem/general/optparser.hpp变异完成,有效变异分支数量:0
2023-12-14 23:40:03,361:INFO:3
2023-12-14 23:40:03,364:INFO:文件/root/mfem/mfem/linalg/blockoperator.hpp变异完成,有效变异分支数量:0
2023-12-14 23:40:03,504:INFO:3
2023-12-14 23:40:03,507:INFO:文件/root/mfem/mfem/linalg/blockvector.hpp变异完成,有效变异分支数量:0
2023-12-14 23:40:03,647:INFO:3
2023-12-14 23:40:03,650:INFO:文件/root/mfem/mfem/linalg/handle.hpp变异完成,有效变异分支数量:0
2023-12-14 23:40:03,790:INFO:3
2023-12-14 23:40:03,793:INFO:文件/root/mfem/mfem/linalg/matrix.hpp变异完成,有效变异分支数量:0
2023-12-14 23:40:03,932:INFO:3
2023-12-14 23:40:03,935:INFO:文件/root/mfem/mfem/linalg/operator.hpp变异完成,有效变异分支数量:0
2023-12-14 23:40:04,076:INFO:3
2023-12-14 23:40:04,079:INFO:文件/root/mfem/mfem/linalg/solvers.hpp变异完成,有效变异分支数量:0
2023-12-14 23:40:04,217:INFO:3
2023-12-14 23:40:04,220:INFO:文件/root/mfem/mfem/linalg/sparsemat.hpp变异完成,有效变异分支数量:0
2023-12-14 23:40:04,360:INFO:3
2023-12-14 23:40:04,363:INFO:文件/root/mfem/mfem/linalg/sparsesmoothers.hpp变异完成,有效变异分支数量:0
2023-12-14 23:40:04,504:INFO:3
2023-12-14 23:40:04,507:INFO:文件/root/mfem/mfem/linalg/vector.hpp变异完成,有效变异分支数量:0
2023-12-14 23:40:04,649:INFO:3
2023-12-14 23:40:04,652:INFO:文件/root/mfem/mfem/mesh/mesh.hpp变异完成,有效变异分支数量:0
2023-12-14 23:40:04,652:INFO:变异完成,有效变异文件数量:22
2023-12-14 23:40:08,690:INFO:3
2023-12-14 23:40:08,694:INFO:文件/root/mfem/examples/ex1.cpp变异完成,有效变异分支数量:0
2023-12-14 23:40:10,956:INFO:3
2023-12-14 23:40:10,985:INFO:文件/root/mfem/examples/ex1p.cpp变异完成,有效变异分支数量:0
2023-12-14 23:48:00,281:INFO:23999
2023-12-14 23:52:07,901:INFO:文件/root/mfem/fem/bilininteg.hpp变异完成,有效变异分支数量:5846
2023-12-14 23:56:25,282:INFO:14955
2023-12-14 23:58:56,810:INFO:文件/root/mfem/fem/coefficient.hpp变异完成,有效变异分支数量:1469
2023-12-15 00:02:44,428:INFO:13230
2023-12-15 00:05:04,568:INFO:文件/root/mfem/fem/doftrans.hpp变异完成,有效变异分支数量:95
2023-12-15 00:08:57,143:INFO:13486
2023-12-15 00:11:17,606:INFO:文件/root/mfem/fem/eltrans.hpp变异完成,有效变异分支数量:351
2023-12-15 00:16:36,397:INFO:17966
2023-12-15 00:19:55,769:INFO:文件/root/mfem/fem/fespace.hpp变异完成,有效变异分支数量:388
2023-12-15 00:27:30,844:INFO:24685
2023-12-15 00:32:23,765:INFO:文件/root/mfem/fem/gridfunc.hpp变异完成,有效变异分支数量:672
2023-12-15 00:40:26,227:INFO:25595
2023-12-15 00:45:40,658:INFO:文件/root/mfem/fem/linearform.hpp变异完成,有效变异分支数量:16
2023-12-15 00:53:30,390:INFO:24892
2023-12-15 00:58:28,631:INFO:文件/root/mfem/fem/lininteg.hpp变异完成,有效变异分支数量:893
2023-12-15 01:04:05,833:INFO:18153
2023-12-15 01:07:36,205:INFO:文件/root/mfem/fem/nonlininteg.hpp变异完成,有效变异分支数量:184
2023-12-15 01:16:31,374:INFO:27748
2023-12-15 01:22:30,121:INFO:文件/root/mfem/fem/pbilinearform.hpp变异完成,有效变异分支数量:139
2023-12-15 01:28:31,438:INFO:19150
2023-12-15 01:32:20,839:INFO:文件/root/mfem/fem/pfespace.hpp变异完成,有效变异分支数量:85
2023-12-15 01:40:48,888:INFO:25911
2023-12-15 01:45:54,851:INFO:文件/root/mfem/fem/pgridfunc.hpp变异完成,有效变异分支数量:246
2023-12-15 01:53:46,037:INFO:26915
2023-12-15 01:59:07,579:INFO:文件/root/mfem/fem/plinearform.hpp变异完成,有效变异分支数量:64
2023-12-15 01:59:39,485:INFO:1909
2023-12-15 01:59:51,141:INFO:文件/root/mfem/general/array.hpp变异完成,有效变异分支数量:1214
2023-12-15 02:00:28,301:INFO:2184
2023-12-15 02:00:48,273:INFO:文件/root/mfem/general/communication.hpp变异完成,有效变异分支数量:89
2023-12-15 02:01:00,413:INFO:695
2023-12-15 02:01:06,461:INFO:文件/root/mfem/general/device.hpp变异完成,有效变异分支数量:78
2023-12-15 02:01:39,254:INFO:1971
2023-12-15 02:01:39,317:INFO:文件/root/mfem/general/mem_alloc.hpp变异完成,有效变异分支数量:0
2023-12-15 02:01:50,416:INFO:617
2023-12-15 02:01:50,435:INFO:文件/root/mfem/general/mem_manager.hpp变异完成,有效变异分支数量:0
2023-12-15 02:02:22,759:INFO:1936
2023-12-15 02:02:40,619:INFO:文件/root/mfem/general/optparser.hpp变异完成,有效变异分支数量:27
2023-12-15 02:02:42,720:INFO:62
2023-12-15 02:02:42,974:INFO:文件/root/mfem/general/socketstream.hpp变异完成,有效变异分支数量:53
2023-12-15 02:03:17,810:INFO:2093
2023-12-15 02:03:36,642:INFO:文件/root/mfem/general/table.hpp变异完成,有效变异分支数量:122
2023-12-15 02:04:32,305:INFO:3325
2023-12-15 02:05:03,916:INFO:文件/root/mfem/linalg/handle.hpp变异完成,有效变异分支数量:28
2023-12-15 02:05:59,919:INFO:3357
2023-12-15 02:06:30,468:INFO:文件/root/mfem/linalg/hypre.hpp变异完成,有效变异分支数量:283
2023-12-15 02:07:11,872:INFO:2428
2023-12-15 02:07:34,766:INFO:文件/root/mfem/linalg/matrix.hpp变异完成,有效变异分支数量:62
2023-12-15 02:08:14,363:INFO:2366
2023-12-15 02:08:35,493:INFO:文件/root/mfem/linalg/operator.hpp变异完成,有效变异分支数量:225
2023-12-15 02:09:43,451:INFO:4041
2023-12-15 02:10:18,749:INFO:文件/root/mfem/linalg/solvers.hpp变异完成,有效变异分支数量:716
2023-12-15 02:11:11,325:INFO:3090
2023-12-15 02:11:40,544:INFO:文件/root/mfem/linalg/sparsesmoothers.hpp变异完成,有效变异分支数量:77
2023-12-15 02:12:16,482:INFO:2141
2023-12-15 02:12:35,489:INFO:文件/root/mfem/linalg/vector.hpp变异完成,有效变异分支数量:232
2023-12-15 02:17:31,273:INFO:17171
2023-12-15 02:20:32,918:INFO:文件/root/mfem/mesh/mesh.hpp变异完成,有效变异分支数量:337
2023-12-15 02:20:32,918:INFO:变异完成,有效变异文件数量:32
2023-12-15 02:20:41,183:INFO:35
2023-12-15 02:20:41,293:INFO:文件/root/mfem/examples/mpi.cpp变异完成,有效变异分支数量:32
2023-12-15 02:26:24,921:INFO:12824
2023-12-15 02:29:08,564:INFO:文件/root/mfem/fem/coefficient.hpp变异完成,有效变异分支数量:1309
2023-12-15 02:34:06,295:INFO:15173
2023-12-15 02:37:35,836:INFO:文件/root/mfem/fem/fespace.hpp变异完成,有效变异分支数量:354
2023-12-15 02:44:51,257:INFO:21024
2023-12-15 02:50:11,868:INFO:文件/root/mfem/fem/gridfunc.hpp变异完成,有效变异分支数量:634
2023-12-15 02:55:42,042:INFO:16297
2023-12-15 02:59:42,811:INFO:文件/root/mfem/fem/pfespace.hpp变异完成,有效变异分支数量:64
2023-12-15 03:07:26,717:INFO:22177
2023-12-15 03:13:13,505:INFO:文件/root/mfem/fem/pgridfunc.hpp变异完成,有效变异分支数量:219
2023-12-15 03:13:48,131:INFO:1730
2023-12-15 03:14:00,827:INFO:文件/root/mfem/general/array.hpp变异完成,有效变异分支数量:1166
2023-12-15 03:14:11,085:INFO:483
2023-12-15 03:14:11,100:INFO:文件/root/mfem/general/mem_manager.hpp变异完成,有效变异分支数量:0
2023-12-15 03:14:46,401:INFO:1757
2023-12-15 03:15:09,273:INFO:文件/root/mfem/general/optparser.hpp变异完成,有效变异分支数量:27
2023-12-15 03:15:47,499:INFO:1942
2023-12-15 03:16:10,722:INFO:文件/root/mfem/linalg/vector.hpp变异完成,有效变异分支数量:212
2023-12-15 03:21:13,179:INFO:14712
2023-12-15 03:24:41,204:INFO:文件/root/mfem/mesh/mesh.hpp变异完成,有效变异分支数量:289
2023-12-15 03:24:41,204:INFO:变异完成,有效变异文件数量:12
2023-12-15 03:30:01,449:INFO:11308
2023-12-15 03:32:35,009:INFO:文件/root/mfem/fem/eltrans.hpp变异完成,有效变异分支数量:305
2023-12-15 03:33:08,269:INFO:1729
2023-12-15 03:33:20,050:INFO:文件/root/mfem/general/array.hpp变异完成,有效变异分支数量:1165
2023-12-15 03:33:54,336:INFO:1791
2023-12-15 03:33:54,383:INFO:文件/root/mfem/general/mem_alloc.hpp变异完成,有效变异分支数量:0
2023-12-15 03:34:04,375:INFO:483
2023-12-15 03:34:04,390:INFO:文件/root/mfem/general/mem_manager.hpp变异完成,有效变异分支数量:0
2023-12-15 03:34:41,539:INFO:1940
2023-12-15 03:35:04,387:INFO:文件/root/mfem/linalg/vector.hpp变异完成,有效变异分支数量:211
2023-12-15 03:39:52,571:INFO:14405
2023-12-15 03:43:15,478:INFO:文件/root/mfem/mesh/mesh.hpp变异完成,有效变异分支数量:288
2023-12-15 03:43:38,214:INFO:571
2023-12-15 03:43:43,834:INFO:文件/root/mfem/tests/unit/catch.hpp变异完成,有效变异分支数量:568
2023-12-15 03:43:45,837:INFO:3
2023-12-15 03:43:45,840:INFO:文件/root/mfem/tests/unit/mesh/test_mesh.cpp变异完成,有效变异分支数量:0
2023-12-15 03:43:52,345:INFO:14
2023-12-15 03:43:52,349:INFO:文件/root/mfem/tests/unit/unit_test_main.cpp变异完成,有效变异分支数量:0
2023-12-15 03:43:52,349:INFO:变异完成,有效变异文件数量:10
2023-12-15 03:44:02,079:INFO:47
2023-12-15 03:44:02,250:INFO:文件/root/mfem/examples/2779.cpp变异完成,有效变异分支数量:44
2023-12-15 03:50:23,826:INFO:13855
2023-12-15 03:53:24,413:INFO:文件/root/mfem/fem/coefficient.hpp变异完成,有效变异分支数量:1426
2023-12-15 03:57:34,419:INFO:12195
2023-12-15 04:00:23,744:INFO:文件/root/mfem/fem/doftrans.hpp变异完成,有效变异分支数量:89
2023-12-15 04:04:40,403:INFO:12429
2023-12-15 04:07:32,082:INFO:文件/root/mfem/fem/eltrans.hpp变异完成,有效变异分支数量:323
2023-12-15 04:11:48,801:INFO:12345
2023-12-15 04:11:49,130:INFO:文件/root/mfem/fem/fe_coll.hpp变异完成,有效变异分支数量:0
2023-12-15 04:17:46,563:INFO:16706
2023-12-15 04:21:50,860:INFO:文件/root/mfem/fem/fespace.hpp变异完成,有效变异分支数量:376
2023-12-15 04:30:33,486:INFO:23060
2023-12-15 04:36:34,279:INFO:文件/root/mfem/fem/gridfunc.hpp变异完成,有效变异分支数量:661
2023-12-15 04:37:15,561:INFO:1905
2023-12-15 04:37:30,338:INFO:文件/root/mfem/general/array.hpp变异完成,有效变异分支数量:1213
2023-12-15 04:38:12,907:INFO:1967
2023-12-15 04:38:12,960:INFO:文件/root/mfem/general/mem_alloc.hpp变异完成,有效变异分支数量:0
2023-12-15 04:38:27,128:INFO:614
2023-12-15 04:38:27,146:INFO:文件/root/mfem/general/mem_manager.hpp变异完成,有效变异分支数量:0
2023-12-15 04:39:08,130:INFO:1932
2023-12-15 04:39:33,875:INFO:文件/root/mfem/general/optparser.hpp变异完成,有效变异分支数量:27
2023-12-15 04:39:35,934:INFO:62
2023-12-15 04:39:36,230:INFO:文件/root/mfem/general/socketstream.hpp变异完成,有效变异分支数量:53
2023-12-15 04:40:20,419:INFO:2089
2023-12-15 04:40:46,732:INFO:文件/root/mfem/general/table.hpp变异完成,有效变异分支数量:122
2023-12-15 04:41:56,771:INFO:3303
2023-12-15 04:42:41,653:INFO:文件/root/mfem/linalg/handle.hpp变异完成,有效变异分支数量:21
2023-12-15 04:43:27,341:INFO:2137
2023-12-15 04:43:53,679:INFO:文件/root/mfem/linalg/vector.hpp变异完成,有效变异分支数量:232
2023-12-15 04:45:25,674:INFO:4346
2023-12-15 04:46:25,786:INFO:文件/root/mfem/mesh/element.hpp变异完成,有效变异分支数量:3
2023-12-15 04:52:16,699:INFO:15972
2023-12-15 04:56:13,918:INFO:文件/root/mfem/mesh/mesh.hpp变异完成,有效变异分支数量:298
2023-12-15 04:57:59,983:INFO:4909
2023-12-15 04:59:03,451:INFO:文件/root/mfem/mesh/ncmesh.hpp变异完成,有效变异分支数量:464
2023-12-15 04:59:03,451:INFO:变异完成,有效变异文件数量:19
2023-12-15 04:59:06,212:INFO:3
2023-12-15 04:59:06,215:INFO:文件/root/mfem/mfem/examples/ex5.cpp变异完成,有效变异分支数量:0
2023-12-15 04:59:06,375:INFO:3
2023-12-15 04:59:06,378:INFO:文件/root/mfem/mfem/fem/bilinearform.hpp变异完成,有效变异分支数量:0
2023-12-15 04:59:06,538:INFO:3
2023-12-15 04:59:06,541:INFO:文件/root/mfem/mfem/fem/bilininteg.hpp变异完成,有效变异分支数量:0
2023-12-15 04:59:06,703:INFO:3
2023-12-15 04:59:06,706:INFO:文件/root/mfem/mfem/fem/coefficient.hpp变异完成,有效变异分支数量:0
2023-12-15 04:59:06,868:INFO:3
2023-12-15 04:59:06,871:INFO:文件/root/mfem/mfem/fem/datacollection.hpp变异完成,有效变异分支数量:0
2023-12-15 04:59:07,033:INFO:3
2023-12-15 04:59:07,036:INFO:文件/root/mfem/mfem/fem/fespace.hpp变异完成,有效变异分支数量:0
2023-12-15 04:59:07,188:INFO:3
2023-12-15 04:59:07,192:INFO:文件/root/mfem/mfem/fem/gridfunc.hpp变异完成,有效变异分支数量:0
2023-12-15 04:59:07,335:INFO:3
2023-12-15 04:59:07,338:INFO:文件/root/mfem/mfem/fem/linearform.hpp变异完成,有效变异分支数量:0
2023-12-15 04:59:07,480:INFO:3
2023-12-15 04:59:07,484:INFO:文件/root/mfem/mfem/fem/lininteg.hpp变异完成,有效变异分支数量:0
2023-12-15 04:59:07,627:INFO:3
2023-12-15 04:59:07,630:INFO:文件/root/mfem/mfem/fem/nonlininteg.hpp变异完成,有效变异分支数量:0
2023-12-15 04:59:07,770:INFO:3
2023-12-15 04:59:07,773:INFO:文件/root/mfem/mfem/general/array.hpp变异完成,有效变异分支数量:0
2023-12-15 04:59:07,913:INFO:3
2023-12-15 04:59:07,916:INFO:文件/root/mfem/mfem/general/mem_manager.hpp变异完成,有效变异分支数量:0
2023-12-15 04:59:08,053:INFO:3
2023-12-15 04:59:08,057:INFO:文件/root/mfem/mfem/general/optparser.hpp变异完成,有效变异分支数量:0
2023-12-15 04:59:08,198:INFO:3
2023-12-15 04:59:08,201:INFO:文件/root/mfem/mfem/general/socketstream.hpp变异完成,有效变异分支数量:0
2023-12-15 04:59:08,339:INFO:3
2023-12-15 04:59:08,342:INFO:文件/root/mfem/mfem/linalg/blockvector.hpp变异完成,有效变异分支数量:0
2023-12-15 04:59:08,481:INFO:3
2023-12-15 04:59:08,484:INFO:文件/root/mfem/mfem/linalg/handle.hpp变异完成,有效变异分支数量:0
2023-12-15 04:59:08,622:INFO:3
2023-12-15 04:59:08,625:INFO:文件/root/mfem/mfem/linalg/matrix.hpp变异完成,有效变异分支数量:0
2023-12-15 04:59:08,765:INFO:3
2023-12-15 04:59:08,768:INFO:文件/root/mfem/mfem/linalg/operator.hpp变异完成,有效变异分支数量:0
2023-12-15 04:59:08,908:INFO:3
2023-12-15 04:59:08,911:INFO:文件/root/mfem/mfem/linalg/solvers.hpp变异完成,有效变异分支数量:0
2023-12-15 04:59:09,050:INFO:3
2023-12-15 04:59:09,054:INFO:文件/root/mfem/mfem/linalg/sparsesmoothers.hpp变异完成,有效变异分支数量:0
2023-12-15 04:59:09,196:INFO:3
2023-12-15 04:59:09,200:INFO:文件/root/mfem/mfem/linalg/vector.hpp变异完成,有效变异分支数量:0
2023-12-15 04:59:09,344:INFO:3
2023-12-15 04:59:09,347:INFO:文件/root/mfem/mfem/mesh/mesh.hpp变异完成,有效变异分支数量:0
2023-12-15 04:59:09,347:INFO:变异完成,有效变异文件数量:23
2023-12-15 05:00:11,322:INFO:1911
2023-12-15 05:00:30,845:INFO:文件/root/mfem/general/array.hpp变异完成,有效变异分支数量:1216
2023-12-15 05:00:52,512:INFO:695
2023-12-15 05:01:06,102:INFO:文件/root/mfem/general/device.hpp变异完成,有效变异分支数量:78
2023-12-15 05:01:06,819:INFO:8
2023-12-15 05:01:06,841:INFO:文件/root/mfem/general/globals.hpp变异完成,有效变异分支数量:5
2023-12-15 05:01:26,139:INFO:617
2023-12-15 05:01:26,158:INFO:文件/root/mfem/general/mem_manager.hpp变异完成,有效变异分支数量:0
2023-12-15 05:02:30,921:INFO:2689
2023-12-15 05:02:54,418:INFO:文件/root/mfem/linalg/densemat.hpp变异完成,有效变异分支数量:243
2023-12-15 05:03:44,044:INFO:2898
2023-12-15 05:04:07,854:INFO:文件/root/mfem/linalg/ode.hpp变异完成,有效变异分支数量:514
2023-12-15 05:04:49,220:INFO:2384
2023-12-15 05:05:09,430:INFO:文件/root/mfem/linalg/operator.hpp变异完成,有效变异分支数量:229
2023-12-15 05:05:46,147:INFO:2155
2023-12-15 05:06:04,466:INFO:文件/root/mfem/linalg/vector.hpp变异完成,有效变异分支数量:244
2023-12-15 05:06:26,008:INFO:559
2023-12-15 05:06:31,688:INFO:文件/root/mfem/tests/unit/catch.hpp变异完成,有效变异分支数量:556
2023-12-15 05:06:33,772:INFO:3
2023-12-15 05:06:33,778:INFO:文件/root/mfem/tests/unit/linalg/test_ode.cpp变异完成,有效变异分支数量:0
2023-12-15 05:06:35,762:INFO:56
2023-12-15 05:06:35,767:INFO:文件/root/mfem/tests/unit/run_unit_tests.hpp变异完成,有效变异分支数量:0
2023-12-15 05:06:42,855:INFO:52
2023-12-15 05:06:42,860:INFO:文件/root/mfem/tests/unit/unit_test_main.cpp变异完成,有效变异分支数量:0
2023-12-15 05:06:42,860:INFO:变异完成,有效变异文件数量:13
2023-12-15 05:06:45,343:INFO:3
2023-12-15 05:06:45,347:INFO:文件/root/mfem/mfem/examples/ex6.cpp变异完成,有效变异分支数量:0
2023-12-15 05:06:45,505:INFO:3
2023-12-15 05:06:45,508:INFO:文件/root/mfem/mfem/fem/bilininteg.hpp变异完成,有效变异分支数量:0
2023-12-15 05:06:45,664:INFO:3
2023-12-15 05:06:45,668:INFO:文件/root/mfem/mfem/fem/coefficient.hpp变异完成,有效变异分支数量:0
2023-12-15 05:06:45,825:INFO:3
2023-12-15 05:06:45,828:INFO:文件/root/mfem/mfem/fem/eltrans.hpp变异完成,有效变异分支数量:0
2023-12-15 05:06:45,984:INFO:3
2023-12-15 05:06:45,988:INFO:文件/root/mfem/mfem/fem/estimators.hpp变异完成,有效变异分支数量:0
2023-12-15 05:06:46,146:INFO:3
2023-12-15 05:06:46,150:INFO:文件/root/mfem/mfem/fem/fespace.hpp变异完成,有效变异分支数量:0
2023-12-15 05:06:46,289:INFO:3
2023-12-15 05:06:46,292:INFO:文件/root/mfem/mfem/fem/gridfunc.hpp变异完成,有效变异分支数量:0
2023-12-15 05:06:46,433:INFO:3
2023-12-15 05:06:46,436:INFO:文件/root/mfem/mfem/fem/linearform.hpp变异完成,有效变异分支数量:0
2023-12-15 05:06:46,577:INFO:3
2023-12-15 05:06:46,580:INFO:文件/root/mfem/mfem/fem/lininteg.hpp变异完成,有效变异分支数量:0
2023-12-15 05:06:46,719:INFO:3
2023-12-15 05:06:46,722:INFO:文件/root/mfem/mfem/fem/nonlininteg.hpp变异完成,有效变异分支数量:0
2023-12-15 05:06:46,861:INFO:3
2023-12-15 05:06:46,865:INFO:文件/root/mfem/mfem/general/array.hpp变异完成,有效变异分支数量:0
2023-12-15 05:06:47,005:INFO:3
2023-12-15 05:06:47,008:INFO:文件/root/mfem/mfem/general/mem_alloc.hpp变异完成,有效变异分支数量:0
2023-12-15 05:06:47,153:INFO:3
2023-12-15 05:06:47,156:INFO:文件/root/mfem/mfem/general/optparser.hpp变异完成,有效变异分支数量:0
2023-12-15 05:06:47,294:INFO:3
2023-12-15 05:06:47,298:INFO:文件/root/mfem/mfem/linalg/densemat.hpp变异完成,有效变异分支数量:0
2023-12-15 05:06:47,440:INFO:3
2023-12-15 05:06:47,443:INFO:文件/root/mfem/mfem/linalg/handle.hpp变异完成,有效变异分支数量:0
2023-12-15 05:06:47,583:INFO:3
2023-12-15 05:06:47,586:INFO:文件/root/mfem/mfem/linalg/matrix.hpp变异完成,有效变异分支数量:0
2023-12-15 05:06:47,729:INFO:3
2023-12-15 05:06:47,733:INFO:文件/root/mfem/mfem/linalg/operator.hpp变异完成,有效变异分支数量:0
2023-12-15 05:06:47,873:INFO:3
2023-12-15 05:06:47,876:INFO:文件/root/mfem/mfem/linalg/sparsemat.hpp变异完成,有效变异分支数量:0
2023-12-15 05:06:48,019:INFO:3
2023-12-15 05:06:48,022:INFO:文件/root/mfem/mfem/linalg/sparsesmoothers.hpp变异完成,有效变异分支数量:0
2023-12-15 05:06:48,164:INFO:3
2023-12-15 05:06:48,167:INFO:文件/root/mfem/mfem/linalg/vector.hpp变异完成,有效变异分支数量:0
2023-12-15 05:06:48,308:INFO:3
2023-12-15 05:06:48,311:INFO:文件/root/mfem/mfem/mesh/mesh.hpp变异完成,有效变异分支数量:0
2023-12-15 05:06:48,449:INFO:3
2023-12-15 05:06:48,452:INFO:文件/root/mfem/mfem/mesh/mesh_operators.hpp变异完成,有效变异分支数量:0
2023-12-15 05:06:48,595:INFO:3
2023-12-15 05:06:48,598:INFO:文件/root/mfem/mfem/mesh/ncmesh.hpp变异完成,有效变异分支数量:0
2023-12-15 05:06:48,739:INFO:3
2023-12-15 05:06:48,742:INFO:文件/root/mfem/mfem/mesh/tetrahedron.hpp变异完成,有效变异分支数量:0
2023-12-15 05:06:48,742:INFO:变异完成,有效变异文件数量:25
2023-12-15 05:06:50,341:INFO:3
2023-12-15 05:06:50,344:INFO:文件/root/mfem/mfem/examples/test_full_periodic.cpp变异完成,有效变异分支数量:0
2023-12-15 05:06:50,518:INFO:3
2023-12-15 05:06:50,521:INFO:文件/root/mfem/mfem/fem/bilinearform.hpp变异完成,有效变异分支数量:0
2023-12-15 05:06:50,693:INFO:3
2023-12-15 05:06:50,697:INFO:文件/root/mfem/mfem/fem/bilininteg.hpp变异完成,有效变异分支数量:0
2023-12-15 05:06:50,870:INFO:3
2023-12-15 05:06:50,873:INFO:文件/root/mfem/mfem/fem/coefficient.hpp变异完成,有效变异分支数量:0
2023-12-15 05:06:51,046:INFO:3
2023-12-15 05:06:51,049:INFO:文件/root/mfem/mfem/fem/datacollection.hpp变异完成,有效变异分支数量:0
2023-12-15 05:06:51,203:INFO:3
2023-12-15 05:06:51,207:INFO:文件/root/mfem/mfem/fem/eltrans.hpp变异完成,有效变异分支数量:0
2023-12-15 05:06:51,343:INFO:3
2023-12-15 05:06:51,356:INFO:文件/root/mfem/mfem/fem/fe.hpp变异完成,有效变异分支数量:0
2023-12-15 05:06:51,490:INFO:3
2023-12-15 05:06:51,494:INFO:文件/root/mfem/mfem/fem/fespace.hpp变异完成,有效变异分支数量:0
2023-12-15 05:06:51,626:INFO:3
2023-12-15 05:06:51,629:INFO:文件/root/mfem/mfem/fem/gridfunc.hpp变异完成,有效变异分支数量:0
2023-12-15 05:06:51,765:INFO:3
2023-12-15 05:06:51,768:INFO:文件/root/mfem/mfem/fem/linearform.hpp变异完成,有效变异分支数量:0
2023-12-15 05:06:51,902:INFO:3
2023-12-15 05:06:51,905:INFO:文件/root/mfem/mfem/fem/lininteg.hpp变异完成,有效变异分支数量:0
2023-12-15 05:06:52,039:INFO:3
2023-12-15 05:06:52,042:INFO:文件/root/mfem/mfem/fem/nonlininteg.hpp变异完成,有效变异分支数量:0
2023-12-15 05:06:52,179:INFO:3
2023-12-15 05:06:52,182:INFO:文件/root/mfem/mfem/general/array.hpp变异完成,有效变异分支数量:0
2023-12-15 05:06:52,315:INFO:3
2023-12-15 05:06:52,319:INFO:文件/root/mfem/mfem/general/mem_manager.hpp变异完成,有效变异分支数量:0
2023-12-15 05:06:52,456:INFO:3
2023-12-15 05:06:52,459:INFO:文件/root/mfem/mfem/general/optparser.hpp变异完成,有效变异分支数量:0
2023-12-15 05:06:52,594:INFO:3
2023-12-15 05:06:52,597:INFO:文件/root/mfem/mfem/linalg/densemat.hpp变异完成,有效变异分支数量:0
2023-12-15 05:06:52,731:INFO:3
2023-12-15 05:06:52,734:INFO:文件/root/mfem/mfem/linalg/handle.hpp变异完成,有效变异分支数量:0
2023-12-15 05:06:52,869:INFO:3
2023-12-15 05:06:52,872:INFO:文件/root/mfem/mfem/linalg/matrix.hpp变异完成,有效变异分支数量:0
2023-12-15 05:06:53,007:INFO:3
2023-12-15 05:06:53,010:INFO:文件/root/mfem/mfem/linalg/operator.hpp变异完成,有效变异分支数量:0
2023-12-15 05:06:53,142:INFO:3
2023-12-15 05:06:53,145:INFO:文件/root/mfem/mfem/linalg/sparsemat.hpp变异完成,有效变异分支数量:0
2023-12-15 05:06:53,285:INFO:3
2023-12-15 05:06:53,288:INFO:文件/root/mfem/mfem/linalg/sparsesmoothers.hpp变异完成,有效变异分支数量:0
2023-12-15 05:06:53,419:INFO:3
2023-12-15 05:06:53,422:INFO:文件/root/mfem/mfem/linalg/vector.hpp变异完成,有效变异分支数量:0
2023-12-15 05:06:53,561:INFO:3
2023-12-15 05:06:53,564:INFO:文件/root/mfem/mfem/mesh/mesh.hpp变异完成,有效变异分支数量:0
2023-12-15 05:06:53,564:INFO:变异完成,有效变异文件数量:24
2023-12-15 05:06:55,146:INFO:3
2023-12-15 05:06:55,150:INFO:文件/root/mfem/mfem/examples/2144.cpp变异完成,有效变异分支数量:0
2023-12-15 05:06:55,303:INFO:3
2023-12-15 05:06:55,308:INFO:文件/root/mfem/mfem/fem/fe.hpp变异完成,有效变异分支数量:0
2023-12-15 05:06:55,464:INFO:3
2023-12-15 05:06:55,469:INFO:文件/root/mfem/mfem/fem/fespace.hpp变异完成,有效变异分支数量:0
2023-12-15 05:06:55,623:INFO:3
2023-12-15 05:06:55,626:INFO:文件/root/mfem/mfem/general/array.hpp变异完成,有效变异分支数量:0
2023-12-15 05:06:55,781:INFO:3
2023-12-15 05:06:55,785:INFO:文件/root/mfem/mfem/general/mem_manager.hpp变异完成,有效变异分支数量:0
2023-12-15 05:06:55,942:INFO:3
2023-12-15 05:06:55,946:INFO:文件/root/mfem/mfem/general/table.hpp变异完成,有效变异分支数量:0
2023-12-15 05:06:56,100:INFO:3
2023-12-15 05:06:56,103:INFO:文件/root/mfem/mfem/linalg/blockoperator.hpp变异完成,有效变异分支数量:0
2023-12-15 05:06:56,246:INFO:3
2023-12-15 05:06:56,250:INFO:文件/root/mfem/mfem/linalg/sparsemat.hpp变异完成,有效变异分支数量:0
2023-12-15 05:06:56,395:INFO:3
2023-12-15 05:06:56,398:INFO:文件/root/mfem/mfem/linalg/vector.hpp变异完成,有效变异分支数量:0
2023-12-15 05:06:56,542:INFO:3
2023-12-15 05:06:56,545:INFO:文件/root/mfem/mfem/mesh/mesh.hpp变异完成,有效变异分支数量:0
2023-12-15 05:06:56,545:INFO:变异完成,有效变异文件数量:11
2023-12-15 05:07:00,212:INFO:3
2023-12-15 05:07:00,216:INFO:文件/root/mfem/examples/129.cpp变异完成,有效变异分支数量:0
2023-12-15 05:10:28,381:INFO:6999
2023-12-15 05:10:28,568:INFO:文件/root/mfem/fem/fe_coll.hpp变异完成,有效变异分支数量:0
2023-12-15 05:10:28,568:INFO:变异完成,有效变异文件数量:3
2023-12-15 05:10:45,706:INFO:171
2023-12-15 05:10:46,314:INFO:文件/root/mfem/examples/ex3p.cpp变异完成,有效变异分支数量:168
2023-12-15 05:20:34,106:INFO:23850
2023-12-15 05:25:51,353:INFO:文件/root/mfem/fem/bilininteg.hpp变异完成,有效变异分支数量:5758
2023-12-15 05:30:59,575:INFO:14904
2023-12-15 05:34:14,480:INFO:文件/root/mfem/fem/coefficient.hpp变异完成,有效变异分支数量:1445
2023-12-15 05:40:28,810:INFO:17905
2023-12-15 05:44:48,340:INFO:文件/root/mfem/fem/fespace.hpp变异完成,有效变异分支数量:388
2023-12-15 05:53:43,346:INFO:24531
2023-12-15 06:00:06,858:INFO:文件/root/mfem/fem/gridfunc.hpp变异完成,有效变异分支数量:667
2023-12-15 06:09:20,920:INFO:25309
2023-12-15 06:16:01,127:INFO:文件/root/mfem/fem/linearform.hpp变异完成,有效变异分支数量:15
2023-12-15 06:21:32,100:INFO:15667
2023-12-15 06:25:13,416:INFO:文件/root/mfem/fem/lininteg.hpp变异完成,有效变异分支数量:763
2023-12-15 06:31:46,680:INFO:18092
2023-12-15 06:36:24,244:INFO:文件/root/mfem/fem/nonlininteg.hpp变异完成,有效变异分支数量:184
2023-12-15 06:46:49,862:INFO:27449
2023-12-15 06:54:32,605:INFO:文件/root/mfem/fem/pbilinearform.hpp变异完成,有效变异分支数量:139
2023-12-15 07:01:38,144:INFO:19066
2023-12-15 07:06:28,990:INFO:文件/root/mfem/fem/pfespace.hpp变异完成,有效变异分支数量:85
2023-12-15 07:16:21,616:INFO:25738
2023-12-15 07:23:26,754:INFO:文件/root/mfem/fem/pgridfunc.hpp变异完成,有效变异分支数量:245
2023-12-15 07:33:46,035:INFO:26623
2023-12-15 07:41:19,951:INFO:文件/root/mfem/fem/plinearform.hpp变异完成,有效变异分支数量:62
2023-12-15 07:42:03,868:INFO:1905
2023-12-15 07:42:20,205:INFO:文件/root/mfem/general/array.hpp变异完成,有效变异分支数量:1213
2023-12-15 07:42:36,680:INFO:692
2023-12-15 07:42:45,831:INFO:文件/root/mfem/general/device.hpp变异完成,有效变异分支数量:78
2023-12-15 07:43:00,643:INFO:614
2023-12-15 07:43:00,662:INFO:文件/root/mfem/general/mem_manager.hpp变异完成,有效变异分支数量:0
2023-12-15 07:43:45,476:INFO:1932
2023-12-15 07:44:09,462:INFO:文件/root/mfem/general/optparser.hpp变异完成,有效变异分支数量:27
2023-12-15 07:45:15,223:INFO:3303
2023-12-15 07:45:57,104:INFO:文件/root/mfem/linalg/handle.hpp变异完成,有效变异分支数量:21
2023-12-15 07:47:02,876:INFO:3342
2023-12-15 07:47:43,315:INFO:文件/root/mfem/linalg/hypre.hpp变异完成,有效变异分支数量:281
2023-12-15 07:48:26,492:INFO:2137
2023-12-15 07:48:51,722:INFO:文件/root/mfem/linalg/vector.hpp变异完成,有效变异分支数量:232
2023-12-15 07:54:37,425:INFO:17110
2023-12-15 07:58:38,705:INFO:文件/root/mfem/mesh/mesh.hpp变异完成,有效变异分支数量:337
2023-12-15 07:58:38,705:INFO:变异完成,有效变异文件数量:21
2023-12-15 07:58:43,441:INFO:3
2023-12-15 07:58:43,444:INFO:文件/root/mfem/examples/1322.cpp变异完成,有效变异分支数量:0
2023-12-15 08:04:10,572:INFO:11714
2023-12-15 08:06:42,811:INFO:文件/root/mfem/fem/coefficient.hpp变异完成,有效变异分支数量:596
2023-12-15 08:10:07,509:INFO:11118
2023-12-15 08:12:35,031:INFO:文件/root/mfem/fem/eltrans.hpp变异完成,有效变异分支数量:202
2023-12-15 08:16:55,849:INFO:13918
2023-12-15 08:20:02,884:INFO:文件/root/mfem/fem/fespace.hpp变异完成,有效变异分支数量:320
2023-12-15 08:26:07,747:INFO:18817
2023-12-15 08:30:34,231:INFO:文件/root/mfem/fem/gridfunc.hpp变异完成,有效变异分支数量:536
2023-12-15 08:31:05,724:INFO:1703
2023-12-15 08:31:16,791:INFO:文件/root/mfem/general/array.hpp变异完成,有效变异分支数量:1162
2023-12-15 08:31:27,304:INFO:541
2023-12-15 08:31:33,439:INFO:文件/root/mfem/general/device.hpp变异完成,有效变异分支数量:99
2023-12-15 08:32:05,787:INFO:1765
2023-12-15 08:32:05,835:INFO:文件/root/mfem/general/mem_alloc.hpp变异完成,有效变异分支数量:0
2023-12-15 08:32:14,531:INFO:442
2023-12-15 08:32:14,545:INFO:文件/root/mfem/general/mem_manager.hpp变异完成,有效变异分支数量:0
2023-12-15 08:32:46,494:INFO:1730
2023-12-15 08:33:07,405:INFO:文件/root/mfem/general/optparser.hpp变异完成,有效变异分支数量:27
2023-12-15 08:34:03,317:INFO:3040
2023-12-15 08:34:40,982:INFO:文件/root/mfem/linalg/handle.hpp变异完成,有效变异分支数量:21
2023-12-15 08:35:16,099:INFO:1914
2023-12-15 08:35:37,814:INFO:文件/root/mfem/linalg/vector.hpp变异完成,有效变异分支数量:211
2023-12-15 08:39:56,293:INFO:13502
2023-12-15 08:43:02,720:INFO:文件/root/mfem/mesh/mesh.hpp变异完成,有效变异分支数量:271
2023-12-15 08:43:02,720:INFO:变异完成,有效变异文件数量:14
2023-12-15 08:43:03,897:INFO:3
2023-12-15 08:43:03,900:INFO:文件/root/mfem/mfem/examples/685.cpp变异完成,有效变异分支数量:0
2023-12-15 08:43:04,072:INFO:3
2023-12-15 08:43:04,075:INFO:文件/root/mfem/mfem/fem/eltrans.hpp变异完成,有效变异分支数量:0
2023-12-15 08:43:04,215:INFO:3
2023-12-15 08:43:04,218:INFO:文件/root/mfem/mfem/general/array.hpp变异完成,有效变异分支数量:0
2023-12-15 08:43:04,354:INFO:3
2023-12-15 08:43:04,357:INFO:文件/root/mfem/mfem/general/mem_alloc.hpp变异完成,有效变异分支数量:0
2023-12-15 08:43:04,490:INFO:3
2023-12-15 08:43:04,493:INFO:文件/root/mfem/mfem/linalg/vector.hpp变异完成,有效变异分支数量:0
2023-12-15 08:43:04,628:INFO:3
2023-12-15 08:43:04,631:INFO:文件/root/mfem/mfem/mesh/mesh.hpp变异完成,有效变异分支数量:0
2023-12-15 08:43:04,761:INFO:3
2023-12-15 08:43:04,765:INFO:文件/root/mfem/mfem/mesh/ncmesh.hpp变异完成,有效变异分支数量:0
2023-12-15 08:43:04,765:INFO:变异完成,有效变异文件数量:8
2023-12-15 08:43:42,989:INFO:461
2023-12-15 08:43:44,585:INFO:文件/root/mfem/examples/ex9.cpp变异完成,有效变异分支数量:458
2023-12-15 08:52:37,069:INFO:22907
2023-12-15 08:58:24,750:INFO:文件/root/mfem/fem/bilinearform.hpp变异完成,有效变异分支数量:324
2023-12-15 09:05:16,686:INFO:20095
2023-12-15 09:09:31,092:INFO:文件/root/mfem/fem/bilininteg.hpp变异完成,有效变异分支数量:4875
2023-12-15 09:13:46,961:INFO:12744
2023-12-15 09:16:30,904:INFO:文件/root/mfem/fem/coefficient.hpp变异完成,有效变异分支数量:1309
2023-12-15 09:20:19,630:INFO:11435
2023-12-15 09:22:57,975:INFO:文件/root/mfem/fem/eltrans.hpp变异完成,有效变异分支数量:305
2023-12-15 09:26:42,371:INFO:11130
2023-12-15 09:28:53,284:INFO:文件/root/mfem/fem/fe.hpp变异完成,有效变异分支数量:2682
2023-12-15 09:34:02,705:INFO:15093
2023-12-15 09:37:36,365:INFO:文件/root/mfem/fem/fespace.hpp变异完成,有效变异分支数量:354
2023-12-15 09:44:53,092:INFO:20743
2023-12-15 09:50:13,485:INFO:文件/root/mfem/fem/gridfunc.hpp变异完成,有效变异分支数量:634
2023-12-15 09:57:50,132:INFO:21444
2023-12-15 10:03:27,286:INFO:文件/root/mfem/fem/linearform.hpp变异完成,有效变异分支数量:15
2023-12-15 10:08:07,386:INFO:13430
2023-12-15 10:11:17,376:INFO:文件/root/mfem/fem/lininteg.hpp变异完成,有效变异分支数量:686
2023-12-15 10:16:38,487:INFO:15220
2023-12-15 10:20:28,934:INFO:文件/root/mfem/fem/nonlininteg.hpp变异完成,有效变异分支数量:127
2023-12-15 10:21:04,574:INFO:1730
2023-12-15 10:21:17,506:INFO:文件/root/mfem/general/array.hpp变异完成,有效变异分支数量:1166
2023-12-15 10:21:30,070:INFO:564
2023-12-15 10:21:36,965:INFO:文件/root/mfem/general/device.hpp变异完成,有效变异分支数量:81
2023-12-15 10:22:13,573:INFO:1792
2023-12-15 10:22:13,622:INFO:文件/root/mfem/general/mem_alloc.hpp变异完成,有效变异分支数量:0
2023-12-15 10:22:24,193:INFO:483
2023-12-15 10:22:24,208:INFO:文件/root/mfem/general/mem_manager.hpp变异完成,有效变异分支数量:0
2023-12-15 10:23:00,185:INFO:1757
2023-12-15 10:23:23,604:INFO:文件/root/mfem/general/optparser.hpp变异完成,有效变异分支数量:27
2023-12-15 10:24:25,723:INFO:3011
2023-12-15 10:25:06,391:INFO:文件/root/mfem/linalg/handle.hpp变异完成,有效变异分支数量:21
2023-12-15 10:26:00,746:INFO:2678
2023-12-15 10:26:32,137:INFO:文件/root/mfem/linalg/ode.hpp变异完成,有效变异分支数量:514
2023-12-15 10:27:16,396:INFO:2164
2023-12-15 10:27:43,653:INFO:文件/root/mfem/linalg/operator.hpp变异完成,有效变异分支数量:222
2023-12-15 10:28:41,038:INFO:2803
2023-12-15 10:29:15,501:INFO:文件/root/mfem/linalg/solvers.hpp变异完成,有效变异分支数量:411
2023-12-15 10:30:11,287:INFO:2738
2023-12-15 10:30:46,881:INFO:文件/root/mfem/linalg/sparsemat.hpp变异完成,有效变异分支数量:161
2023-12-15 10:31:26,872:INFO:1942
2023-12-15 10:31:51,237:INFO:文件/root/mfem/linalg/vector.hpp变异完成,有效变异分支数量:212
2023-12-15 10:37:04,865:INFO:14632
2023-12-15 10:40:45,679:INFO:文件/root/mfem/mesh/mesh.hpp变异完成,有效变异分支数量:289
2023-12-15 10:40:45,679:INFO:变异完成,有效变异文件数量:24
2023-12-15 10:40:50,163:INFO:3
2023-12-15 10:40:50,166:INFO:文件/root/mfem/examples/2035.cpp变异完成,有效变异分支数量:0
2023-12-15 10:50:24,572:INFO:21306
2023-12-15 10:55:00,987:INFO:文件/root/mfem/fem/bilininteg.hpp变异完成,有效变异分支数量:5146
2023-12-15 10:59:05,207:INFO:12096
2023-12-15 11:01:48,170:INFO:文件/root/mfem/fem/eltrans.hpp变异完成,有效变异分支数量:305
2023-12-15 11:09:24,963:INFO:21955
2023-12-15 11:14:58,131:INFO:文件/root/mfem/fem/gridfunc.hpp变异完成,有效变异分支数量:635
2023-12-15 11:20:32,440:INFO:16160
2023-12-15 11:24:22,972:INFO:文件/root/mfem/fem/nonlininteg.hpp变异完成,有效变异分支数量:172
2023-12-15 11:33:11,543:INFO:24811
2023-12-15 11:39:44,515:INFO:文件/root/mfem/fem/pbilinearform.hpp变异完成,有效变异分支数量:138
2023-12-15 11:45:44,110:INFO:17127
2023-12-15 11:50:01,829:INFO:文件/root/mfem/fem/pfespace.hpp变异完成,有效变异分支数量:74
2023-12-15 11:58:22,658:INFO:23128
2023-12-15 12:04:24,890:INFO:文件/root/mfem/fem/pgridfunc.hpp变异完成,有效变异分支数量:221
2023-12-15 12:05:03,899:INFO:1868
2023-12-15 12:05:18,549:INFO:文件/root/mfem/general/array.hpp变异完成,有效变异分支数量:1191
2023-12-15 12:05:58,011:INFO:1930
2023-12-15 12:05:58,063:INFO:文件/root/mfem/general/mem_alloc.hpp变异完成,有效变异分支数量:0
2023-12-15 12:06:11,134:INFO:604
2023-12-15 12:06:11,152:INFO:文件/root/mfem/general/mem_manager.hpp变异完成,有效变异分支数量:0
2023-12-15 12:07:17,481:INFO:3236
2023-12-15 12:08:00,795:INFO:文件/root/mfem/linalg/handle.hpp变异完成,有效变异分支数量:21
2023-12-15 12:08:43,978:INFO:2090
2023-12-15 12:09:10,135:INFO:文件/root/mfem/linalg/vector.hpp变异完成,有效变异分支数量:222
2023-12-15 12:14:40,005:INFO:15365
2023-12-15 12:18:27,798:INFO:文件/root/mfem/mesh/mesh.hpp变异完成,有效变异分支数量:295
2023-12-15 12:18:27,798:INFO:变异完成,有效变异文件数量:15
2023-12-15 12:18:34,068:INFO:3
2023-12-15 12:18:34,071:INFO:文件/root/mfem/examples/ex0p.cpp变异完成,有效变异分支数量:0
2023-12-15 12:27:51,410:INFO:27694
2023-12-15 12:33:19,811:INFO:文件/root/mfem/fem/bilinearform.hpp变异完成,有效变异分支数量:325
2023-12-15 12:41:10,401:INFO:24874
2023-12-15 12:45:30,846:INFO:文件/root/mfem/fem/bilininteg.hpp变异完成,有效变异分支数量:6155
2023-12-15 12:50:13,814:INFO:15390
2023-12-15 12:52:52,793:INFO:文件/root/mfem/fem/coefficient.hpp变异完成,有效变异分支数量:1473
2023-12-15 12:57:08,310:INFO:13917
2023-12-15 12:59:38,027:INFO:文件/root/mfem/fem/eltrans.hpp变异完成,有效变异分支数量:351
2023-12-15 13:05:27,133:INFO:18531
2023-12-15 13:08:57,095:INFO:文件/root/mfem/fem/fespace.hpp变异完成,有效变异分支数量:382
2023-12-15 13:17:11,112:INFO:25299
2023-12-15 13:22:16,511:INFO:文件/root/mfem/fem/gridfunc.hpp变异完成,有效变异分支数量:413
2023-12-15 13:30:54,727:INFO:26217
2023-12-15 13:36:24,982:INFO:文件/root/mfem/fem/linearform.hpp变异完成,有效变异分支数量:15
2023-12-15 13:45:00,859:INFO:25774
2023-12-15 13:50:25,460:INFO:文件/root/mfem/fem/lininteg.hpp变异完成,有效变异分支数量:900
2023-12-15 13:56:32,457:INFO:18719
2023-12-15 14:00:12,130:INFO:文件/root/mfem/fem/nonlininteg.hpp变异完成,有效变异分支数量:184
2023-12-15 14:09:49,149:INFO:28325
2023-12-15 14:16:01,149:INFO:文件/root/mfem/fem/pbilinearform.hpp变异完成,有效变异分支数量:140
2023-12-15 14:22:33,987:INFO:19675
2023-12-15 14:26:27,673:INFO:文件/root/mfem/fem/pfespace.hpp变异完成,有效变异分支数量:85
2023-12-15 14:34:40,806:INFO:26468
2023-12-15 14:39:54,974:INFO:文件/root/mfem/fem/pgridfunc.hpp变异完成,有效变异分支数量:227
2023-12-15 14:48:27,768:INFO:27477
2023-12-15 14:53:50,723:INFO:文件/root/mfem/fem/plinearform.hpp变异完成,有效变异分支数量:64
2023-12-15 14:54:25,508:INFO:1916
2023-12-15 14:54:37,576:INFO:文件/root/mfem/general/array.hpp变异完成,有效变异分支数量:1221
2023-12-15 14:55:16,502:INFO:2191
2023-12-15 14:55:36,663:INFO:文件/root/mfem/general/communication.hpp变异完成,有效变异分支数量:89
2023-12-15 14:55:49,573:INFO:695
2023-12-15 14:55:55,725:INFO:文件/root/mfem/general/device.hpp变异完成,有效变异分支数量:78
2023-12-15 14:56:31,772:INFO:1978
2023-12-15 14:56:31,825:INFO:文件/root/mfem/general/mem_alloc.hpp变异完成,有效变异分支数量:0
2023-12-15 14:56:43,565:INFO:617
2023-12-15 14:56:43,584:INFO:文件/root/mfem/general/mem_manager.hpp变异完成,有效变异分支数量:0
2023-12-15 14:57:18,360:INFO:1943
2023-12-15 14:57:36,681:INFO:文件/root/mfem/general/optparser.hpp变异完成,有效变异分支数量:27
2023-12-15 14:58:36,791:INFO:3365
2023-12-15 14:59:09,278:INFO:文件/root/mfem/linalg/handle.hpp变异完成,有效变异分支数量:28
2023-12-15 15:00:10,832:INFO:3397
2023-12-15 15:00:42,701:INFO:文件/root/mfem/linalg/hypre.hpp变异完成,有效变异分支数量:295
2023-12-15 15:01:57,499:INFO:4107
2023-12-15 15:02:34,951:INFO:文件/root/mfem/linalg/solvers.hpp变异完成,有效变异分支数量:742
2023-12-15 15:03:13,762:INFO:2160
2023-12-15 15:03:33,263:INFO:文件/root/mfem/linalg/vector.hpp变异完成,有效变异分支数量:244
2023-12-15 15:08:55,846:INFO:17626
2023-12-15 15:12:03,977:INFO:文件/root/mfem/mesh/mesh.hpp变异完成,有效变异分支数量:338
2023-12-15 15:12:03,977:INFO:变异完成,有效变异文件数量:26
2023-12-15 15:12:10,371:INFO:3
2023-12-15 15:12:10,374:INFO:文件/root/mfem/examples/ex1p.cpp变异完成,有效变异分支数量:0
2023-12-15 15:21:26,886:INFO:21346
2023-12-15 15:26:01,631:INFO:文件/root/mfem/fem/bilininteg.hpp变异完成,有效变异分支数量:5146
2023-12-15 15:30:33,451:INFO:13447
2023-12-15 15:33:29,264:INFO:文件/root/mfem/fem/coefficient.hpp变异完成,有效变异分支数量:1309
2023-12-15 15:37:32,448:INFO:12138
2023-12-15 15:40:18,196:INFO:文件/root/mfem/fem/eltrans.hpp变异完成,有效变异分支数量:305
2023-12-15 15:45:42,470:INFO:16025
2023-12-15 15:49:25,943:INFO:文件/root/mfem/fem/fespace.hpp变异完成,有效变异分支数量:393
2023-12-15 15:57:08,129:INFO:21994
2023-12-15 16:02:46,429:INFO:文件/root/mfem/fem/gridfunc.hpp变异完成,有效变异分支数量:634
2023-12-15 16:10:49,887:INFO:22738
2023-12-15 16:16:40,427:INFO:文件/root/mfem/fem/linearform.hpp变异完成,有效变异分支数量:15
2023-12-15 16:21:34,596:INFO:14176
2023-12-15 16:24:52,909:INFO:文件/root/mfem/fem/lininteg.hpp变异完成,有效变异分支数量:729
2023-12-15 16:30:34,698:INFO:16200
2023-12-15 16:34:34,898:INFO:文件/root/mfem/fem/nonlininteg.hpp变异完成,有效变异分支数量:172
2023-12-15 16:43:37,981:INFO:24845
2023-12-15 16:50:23,366:INFO:文件/root/mfem/fem/pbilinearform.hpp变异完成,有效变异分支数量:138
2023-12-15 16:56:35,396:INFO:17165
2023-12-15 17:00:54,852:INFO:文件/root/mfem/fem/pfespace.hpp变异完成,有效变异分支数量:74
2023-12-15 17:09:29,792:INFO:23163
2023-12-15 17:15:49,056:INFO:文件/root/mfem/fem/pgridfunc.hpp变异完成,有效变异分支数量:219
2023-12-15 17:24:49,080:INFO:24012
2023-12-15 17:31:23,146:INFO:文件/root/mfem/fem/plinearform.hpp变异完成,有效变异分支数量:60
2023-12-15 17:32:03,400:INFO:1868
2023-12-15 17:32:18,757:INFO:文件/root/mfem/general/array.hpp变异完成,有效变异分支数量:1191
2023-12-15 17:33:05,437:INFO:2127
2023-12-15 17:33:34,327:INFO:文件/root/mfem/general/communication.hpp变异完成,有效变异分支数量:73
2023-12-15 17:33:49,222:INFO:677
2023-12-15 17:33:57,855:INFO:文件/root/mfem/general/device.hpp变异完成,有效变异分支数量:73
2023-12-15 17:34:38,877:INFO:1930
2023-12-15 17:34:38,929:INFO:文件/root/mfem/general/mem_alloc.hpp变异完成,有效变异分支数量:0
2023-12-15 17:34:52,398:INFO:604
2023-12-15 17:34:52,417:INFO:文件/root/mfem/general/mem_manager.hpp变异完成,有效变异分支数量:0
2023-12-15 17:35:33,608:INFO:1895
2023-12-15 17:35:59,683:INFO:文件/root/mfem/general/optparser.hpp变异完成,有效变异分支数量:27
2023-12-15 17:36:01,649:INFO:62
2023-12-15 17:36:01,974:INFO:文件/root/mfem/general/socketstream.hpp变异完成,有效变异分支数量:53
2023-12-15 17:37:10,701:INFO:3233
2023-12-15 17:37:55,864:INFO:文件/root/mfem/linalg/handle.hpp变异完成,有效变异分支数量:21
2023-12-15 17:39:05,159:INFO:3272
2023-12-15 17:39:48,750:INFO:文件/root/mfem/linalg/hypre.hpp变异完成,有效变异分支数量:270
2023-12-15 17:41:07,413:INFO:3901
2023-12-15 17:41:51,529:INFO:文件/root/mfem/linalg/solvers.hpp变异完成,有效变异分支数量:668
2023-12-15 17:42:31,060:INFO:2090
2023-12-15 17:42:55,014:INFO:文件/root/mfem/linalg/vector.hpp变异完成,有效变异分支数量:222
2023-12-15 17:48:01,036:INFO:15406
2023-12-15 17:51:36,452:INFO:文件/root/mfem/mesh/mesh.hpp变异完成,有效变异分支数量:294
2023-12-15 17:51:36,452:INFO:变异完成,有效变异文件数量:26
2023-12-15 17:51:40,479:INFO:3
2023-12-15 17:51:40,482:INFO:文件/root/mfem/examples/463.cpp变异完成,有效变异分支数量:0
2023-12-15 17:55:54,164:INFO:10367
2023-12-15 17:58:00,722:INFO:文件/root/mfem/fem/eltrans.hpp变异完成,有效变异分支数量:186
2023-12-15 17:58:19,688:INFO:1123
2023-12-15 17:58:23,532:INFO:文件/root/mfem/general/array.hpp变异完成,有效变异分支数量:1114
2023-12-15 17:58:24,604:INFO:57
2023-12-15 17:58:24,608:INFO:文件/root/mfem/general/mem_alloc.hpp变异完成,有效变异分支数量:0
2023-12-15 17:58:57,047:INFO:1945
2023-12-15 17:59:15,867:INFO:文件/root/mfem/linalg/densemat.hpp变异完成,有效变异分支数量:384
2023-12-15 17:59:38,652:INFO:1354
2023-12-15 17:59:51,992:INFO:文件/root/mfem/linalg/vector.hpp变异完成,有效变异分支数量:231
2023-12-15 18:03:27,240:INFO:12562
2023-12-15 18:06:01,543:INFO:文件/root/mfem/mesh/mesh.hpp变异完成,有效变异分支数量:344
2023-12-15 18:07:05,050:INFO:3829
2023-12-15 18:07:46,171:INFO:文件/root/mfem/mesh/ncmesh.hpp变异完成,有效变异分支数量:380
2023-12-15 18:07:46,171:INFO:变异完成,有效变异文件数量:9
2023-12-15 18:07:50,220:INFO:3
2023-12-15 18:07:50,223:INFO:文件/root/mfem/examples/2703.cpp变异完成,有效变异分支数量:0
2023-12-15 18:08:38,930:INFO:617
2023-12-15 18:08:38,949:INFO:文件/root/mfem/general/mem_manager.hpp变异完成,有效变异分支数量:0
2023-12-15 18:10:43,367:INFO:2654
2023-12-15 18:11:13,966:INFO:文件/root/mfem/linalg/densemat.hpp变异完成,有效变异分支数量:229
2023-12-15 18:11:59,166:INFO:2363
2023-12-15 18:12:25,979:INFO:文件/root/mfem/linalg/operator.hpp变异完成,有效变异分支数量:223
2023-12-15 18:13:07,018:INFO:2140
2023-12-15 18:13:31,220:INFO:文件/root/mfem/linalg/vector.hpp变异完成,有效变异分支数量:232
2023-12-15 18:13:31,220:INFO:变异完成,有效变异文件数量:6
2023-12-15 18:13:35,495:INFO:3
2023-12-15 18:13:35,499:INFO:文件/root/mfem/examples/ex2.cpp变异完成,有效变异分支数量:0
2023-12-15 18:15:59,463:INFO:1886
2023-12-15 18:16:51,686:INFO:文件/root/mfem/general/array.hpp变异完成,有效变异分支数量:1191
2023-12-15 18:17:39,315:INFO:617
2023-12-15 18:17:39,334:INFO:文件/root/mfem/general/mem_manager.hpp变异完成,有效变异分支数量:0
2023-12-15 18:19:23,364:INFO:1913
2023-12-15 18:19:47,264:INFO:文件/root/mfem/general/optparser.hpp变异完成,有效变异分支数量:27
2023-12-15 18:25:30,230:INFO:15972
2023-12-15 18:29:20,113:INFO:文件/root/mfem/mesh/mesh.hpp变异完成,有效变异分支数量:298
2023-12-15 18:29:20,113:INFO:变异完成,有效变异文件数量:6
2023-12-15 18:29:21,878:ERROR:Traceback (most recent call last):
2023-12-15 18:29:21,878:ERROR:  File "/root/mfem-code-analyzer/mutate/main.py", line 613, in <module>
2023-12-15 18:29:21,878:ERROR:need_muta_files = get_coverage_files(bug_id)  # 获得覆盖文件
2023-12-15 18:29:21,878:ERROR:  File "/root/mfem-code-analyzer/mutate/main.py", line 28, in get_coverage_files
2023-12-15 18:29:21,878:ERROR:f = open(os.path.join(coverage_file_paths, bug_id, "coverage.info"), 'r')
2023-12-15 18:29:21,878:ERROR:FileNotFoundError
2023-12-15 18:29:21,878:ERROR::
2023-12-15 18:29:21,878:ERROR:[Errno 2] No such file or directory: '/root/mfem-code-analyzer/bugs/issue2157/coverage.info'
